<?xml version="1.0" encoding="UTF-8"?>
<testng-results ignored="0" total="1" passed="1" failed="0" skipped="0">
  <reporter-output>
  </reporter-output>
  <suite started-at="2024-05-08T07:44:14Z" name="Default suite" finished-at="2024-05-08T07:44:20Z" duration-ms="5980">
    <groups>
    </groups>
    <test started-at="2024-05-08T07:44:14Z" name="Default test" finished-at="2024-05-08T07:44:20Z" duration-ms="5980">
      <class name="pruebang.SelTest">
        <test-method signature="test01()[pri:0, instance:pruebang.SelTest@6f7923a5]" started-at="2024-05-08T01:44:14Z" name="test01" finished-at="2024-05-08T01:44:20Z" duration-ms="5955" status="PASS">
          <reporter-output>
          </reporter-output>
        </test-method> <!-- test01 -->
      </class> <!-- pruebang.SelTest -->
    </test> <!-- Default test -->
  </suite> <!-- Default suite -->
</testng-results>
